<?xml version="1.0" encoding="UTF-8"?>
<!-- Generated by org.testng.reporters.JUnitReportReporter -->
<testsuite hostname="DESKTOP-9E4JO2B" failures="0" tests="1" name="Opencart_Cart.Opencart_Cart_Test" time="50.308" errors="0" timestamp="2023-04-28T13:54:37 IST" skipped="0">
  <testcase classname="Opencart_Cart.Opencart_Cart_Test" name="addMackbook_to_cart" time="50.308"/>
  <system-out/>
</testsuite> <!-- Opencart_Cart.Opencart_Cart_Test -->
