<?xml version="1.0" encoding="UTF-8"?>
<!-- Generated by org.testng.reporters.JUnitReportReporter -->
<testsuite hostname="DESKTOP-9E4JO2B" failures="0" tests="2" name="Opencart_Cart.Cart_BaseTest_ExtentReports" time="31.900" errors="0" timestamp="2023-05-10T23:54:25 IST" skipped="0">
  <testcase classname="Opencart_Cart.Cart_BaseTest_ExtentReports" name="addMackbook_to_cart" time="22.935"/>
  <system-out/>
  <testcase classname="Opencart_Cart.Cart_BaseTest_ExtentReports" name="AddMackbook_to_cart2" time="8.965"/>
  <system-out/>
</testsuite> <!-- Opencart_Cart.Cart_BaseTest_ExtentReports -->
